<?xml version="1.0" encoding="UTF-8"?>
<!-- Generated by org.testng.reporters.JUnitReportReporter -->
<testsuite hostname="DESKTOP-D0ODKLV" failures="0" tests="2" name="IGPPack.TestCases.LoginTest" time="108.134" errors="0" timestamp="2020-03-02T13:50:10 IST" skipped="1">
  <testcase classname="IGPPack.TestCases.LoginTest" name="loginTest" time="107.805"/>
  <system-out/>
  <testcase classname="IGPPack.TestCases.LoginTest" name="loginTest" time="0.329">
    <skipped/>
  </testcase> <!-- loginTest -->
  <system-out/>
</testsuite> <!-- IGPPack.TestCases.LoginTest -->
