<?xml version="1.0" encoding="UTF-8"?>
<!-- Generated by org.testng.reporters.JUnitReportReporter -->
<testsuite skipped="1" hostname="DESKTOP-D0ODKLV" name="IGPPack.TestCases.LoginTest" tests="2" failures="0" timestamp="2020-03-02T14:10:33 IST" time="70.437" errors="0">
  <testcase name="loginTest" time="69.132" classname="IGPPack.TestCases.LoginTest"/>
  <system-out/>
  <testcase name="loginTest" time="1.305" classname="IGPPack.TestCases.LoginTest">
    <skipped/>
  </testcase> <!-- loginTest -->
  <system-out/>
</testsuite> <!-- IGPPack.TestCases.LoginTest -->
