<?xml version="1.0" encoding="UTF-8"?>
<!-- Generated by org.testng.reporters.JUnitReportReporter -->
<testsuite skipped="0" hostname="DESKTOP-D0ODKLV" name="IGPPack.TestCases.SignUpTest" tests="1" failures="0" timestamp="2021-01-30T02:39:27 IST" time="28.663" errors="0">
  <testcase name="signUpTest" time="28.663" classname="IGPPack.TestCases.SignUpTest"/>
  <system-out/>
</testsuite> <!-- IGPPack.TestCases.SignUpTest -->
